2025-03-05 16:22:01,687 - INFO - /dev/nvme0n1 found: collecting info------------------------------------------------------------
2025-03-05 16:22:01,688 - INFO - device info fecthed successfully
2025-03-05 16:22:01,692 - INFO - partititons on /dev/nvme0n1 : /dev/nvme0n1p1,/dev/nvme0n1p2
2025-03-05 16:22:01,692 - INFO - total size: 476.94
2025-03-05 16:22:01,692 - INFO - filesystem: Unknown
2025-03-05 16:22:01,733 - INFO - temperature of /dev/nvme0n1 found:31
2025-03-05 16:22:01,793 - INFO - data for /dev/nvme0n1 entered into excel sheet.
2025-03-05 16:22:02,794 - INFO - system stats: cpu usage: 0.0,memory usage: 66.921875
2025-03-05 16:22:02,805 - INFO - /dev/nvme0n1p1 found: collecting info------------------------------------------------------------
2025-03-05 16:22:02,806 - INFO - device info fecthed successfully
2025-03-05 16:22:02,817 - INFO - partititons on /dev/nvme0n1p1 : None
2025-03-05 16:22:02,818 - INFO - total size: 1.05
2025-03-05 16:22:02,818 - INFO - filesystem: vfat
2025-03-05 16:22:02,879 - INFO - temperature of /dev/nvme0n1p1 found:31
2025-03-05 16:22:02,881 - INFO - free sapce recorded: 1.04
2025-03-05 16:22:02,896 - INFO - data for /dev/nvme0n1p1 entered into excel sheet.
2025-03-05 16:22:03,898 - INFO - system stats: cpu usage: 0.0,memory usage: 67.171875
2025-03-05 16:22:03,911 - INFO - /dev/nvme0n1p2 found: collecting info------------------------------------------------------------
2025-03-05 16:22:03,912 - INFO - device info fecthed successfully
2025-03-05 16:22:03,919 - INFO - partititons on /dev/nvme0n1p2 : None
2025-03-05 16:22:03,920 - INFO - total size: 475.89
2025-03-05 16:22:03,920 - INFO - filesystem: ext4
2025-03-05 16:22:03,959 - INFO - temperature of /dev/nvme0n1p2 found:31
2025-03-05 16:22:03,962 - INFO - free sapce recorded: 424.0
2025-03-05 16:22:03,978 - INFO - data for /dev/nvme0n1p2 entered into excel sheet.
2025-03-05 16:22:04,980 - INFO - system stats: cpu usage: 0.0,memory usage: 67.28515625
2025-03-05 16:22:04,999 - INFO - /dev/nvme0n1 found: collecting info------------------------------------------------------------
2025-03-05 16:22:05,000 - INFO - device info fecthed successfully
2025-03-05 16:22:05,010 - INFO - partititons on /dev/nvme0n1 : /dev/nvme0n1p1,/dev/nvme0n1p2
2025-03-05 16:22:05,010 - INFO - total size: 476.94
2025-03-05 16:22:05,010 - INFO - filesystem: Unknown
2025-03-05 16:22:05,048 - INFO - temperature of /dev/nvme0n1 found:31
2025-03-05 16:22:05,062 - INFO - data for /dev/nvme0n1 entered into excel sheet.
2025-03-05 16:22:06,063 - INFO - system stats: cpu usage: 0.0,memory usage: 67.390625
2025-03-05 16:22:06,071 - INFO - /dev/nvme0n1p1 found: collecting info------------------------------------------------------------
2025-03-05 16:22:06,071 - INFO - device info fecthed successfully
2025-03-05 16:22:06,084 - INFO - partititons on /dev/nvme0n1p1 : None
2025-03-05 16:22:06,084 - INFO - total size: 1.05
2025-03-05 16:22:06,084 - INFO - filesystem: vfat
2025-03-05 16:22:06,124 - INFO - temperature of /dev/nvme0n1p1 found:32
2025-03-05 16:22:06,124 - INFO - free sapce recorded: 1.04
2025-03-05 16:22:06,142 - INFO - data for /dev/nvme0n1p1 entered into excel sheet.
2025-03-05 16:22:07,144 - INFO - system stats: cpu usage: 0.0,memory usage: 67.4140625
2025-03-05 16:22:07,154 - INFO - /dev/nvme0n1p2 found: collecting info------------------------------------------------------------
2025-03-05 16:22:07,155 - INFO - device info fecthed successfully
2025-03-05 16:22:07,170 - INFO - partititons on /dev/nvme0n1p2 : None
2025-03-05 16:22:07,170 - INFO - total size: 475.89
2025-03-05 16:22:07,170 - INFO - filesystem: ext4
2025-03-05 16:22:07,211 - INFO - temperature of /dev/nvme0n1p2 found:32
2025-03-05 16:22:07,214 - INFO - free sapce recorded: 424.0
2025-03-05 16:22:07,234 - INFO - data for /dev/nvme0n1p2 entered into excel sheet.
2025-03-05 16:22:08,236 - INFO - system stats: cpu usage: 0.0,memory usage: 67.4140625
2025-03-05 16:22:08,248 - INFO - /dev/nvme0n1 found: collecting info------------------------------------------------------------
2025-03-05 16:22:08,249 - INFO - device info fecthed successfully
2025-03-05 16:22:08,257 - INFO - partititons on /dev/nvme0n1 : /dev/nvme0n1p1,/dev/nvme0n1p2
2025-03-05 16:22:08,258 - INFO - total size: 476.94
2025-03-05 16:22:08,258 - INFO - filesystem: Unknown
2025-03-05 16:22:08,300 - INFO - temperature of /dev/nvme0n1 found:32
2025-03-05 16:22:08,322 - INFO - data for /dev/nvme0n1 entered into excel sheet.
2025-03-05 16:22:09,324 - INFO - system stats: cpu usage: 0.0,memory usage: 67.4140625
2025-03-05 16:22:09,338 - INFO - /dev/nvme0n1p1 found: collecting info------------------------------------------------------------
2025-03-05 16:22:09,338 - INFO - device info fecthed successfully
2025-03-05 16:22:09,348 - INFO - partititons on /dev/nvme0n1p1 : None
2025-03-05 16:22:09,348 - INFO - total size: 1.05
2025-03-05 16:22:09,348 - INFO - filesystem: vfat
2025-03-05 16:22:09,388 - INFO - temperature of /dev/nvme0n1p1 found:32
2025-03-05 16:22:09,390 - INFO - free sapce recorded: 1.04
2025-03-05 16:22:09,409 - INFO - data for /dev/nvme0n1p1 entered into excel sheet.
2025-03-05 16:22:10,411 - INFO - system stats: cpu usage: 1.0,memory usage: 67.453125
2025-03-05 16:22:10,420 - INFO - /dev/nvme0n1p2 found: collecting info------------------------------------------------------------
2025-03-05 16:22:10,420 - INFO - device info fecthed successfully
2025-03-05 16:22:10,424 - INFO - partititons on /dev/nvme0n1p2 : None
2025-03-05 16:22:10,424 - INFO - total size: 475.89
2025-03-05 16:22:10,424 - INFO - filesystem: ext4
2025-03-05 16:22:10,463 - INFO - temperature of /dev/nvme0n1p2 found:32
2025-03-05 16:22:10,464 - INFO - free sapce recorded: 424.0
2025-03-05 16:22:10,479 - INFO - data for /dev/nvme0n1p2 entered into excel sheet.
2025-03-05 16:22:11,480 - INFO - system stats: cpu usage: 0.0,memory usage: 67.578125
2025-03-05 16:22:11,481 - INFO - END
